
[2018-4-26 12:51:46][login]undefined---41002
[2018-4-26 12:52:53][login]undefined---41002
[2018-4-26 12:53:27][login]undefined---41002
[2018-4-26 12:55:48][login]appid missing hint: [.nzWAA05472994]---41002
[2018-4-26 12:55:48][login]appid missing hint: [lPCzra05472790]---41002
[2018-4-26 12:55:48][login]appid missing hint: [iu.R50548sha2]---41002
[2018-4-26 12:55:48][login]appid missing hint: [mAEbCA05481501]---41002
[2018-4-26 12:55:48][login]appid missing hint: [Rde_Ha0548sha2]---41002
[2018-4-26 12:55:48][login]appid missing hint: [Lf.daa05482974]---41002
[2018-4-26 12:55:48][login]appid missing hint: [aZYjkA05482974]---41002
[2018-4-26 12:55:48][login]appid missing hint: [DSYgBA05481512]---41002
[2018-4-26 12:55:48][login]appid missing hint: [W1tPuA05483612]---41002
[2018-4-26 12:56:38][login]appid missing hint: [m05983064]---41002
[2018-4-26 12:56:59][login]appid missing hint: [Ds4P_a06193055]---41002
[2018-4-26 12:59:26][login]undefined---undefined
[2018-4-26 12:59:26][login]undefined---undefined
[2018-4-26 12:59:26][login]undefined---undefined
[2018-4-26 12:59:26][login]undefined---undefined
[2018-4-26 12:59:34][login]undefined---undefined
[2018-4-26 12:59:56][login]undefined---undefined